client_app/build/app/intermediates/manifest_merge_blame_file/debug/manifest-merger-blame-debug-report.txt
1<?xml version="1.0" encoding="utf-8"?>
2<manifest xmlns:android="http://schemas.android.com/apk/res/android"
3    package="com.example.client_app"
4    android:versionCode="1"
5    android:versionName="1.0.0" >
6
7    <uses-sdk
8        android:minSdkVersion="21"
9        android:targetSdkVersion="33" />
10    <!--
11         The INTERNET permission is required for development. Specifically,
12         the Flutter tool needs it to communicate with the running application
13         to allow setting breakpoints, to provide hot reload, etc.
14    -->
15    <uses-permission android:name="android.permission.INTERNET" />
15-->src\debug\AndroidManifest.xml:6:5-66
15-->src\debug\AndroidManifest.xml:6:22-64
16    <uses-permission
16-->src\main\AndroidManifest.xml:2:5-79
17        android:name="android.permission.READ_EXTERNAL_STORAGE"
17-->src\main\AndroidManifest.xml:2:22-77
18        android:maxSdkVersion="32" />
18-->[:file_picker] AndroidManifest.xml:11:9-35
19    <uses-permission
19-->src\main\AndroidManifest.xml:3:5-4:50
20        android:name="android.permission.WRITE_EXTERNAL_STORAGE"
20-->src\main\AndroidManifest.xml:3:22-78
21        android:maxSdkVersion="28" />
21-->src\main\AndroidManifest.xml:4:22-48
22
23    <queries>
23-->[:file_picker] AndroidManifest.xml:13:5-19:15
24        <intent>
24-->[:file_picker] AndroidManifest.xml:14:9-18:18
25            <action android:name="android.intent.action.GET_CONTENT" />
25-->[:file_picker] AndroidManifest.xml:15:13-72
25-->[:file_picker] AndroidManifest.xml:15:21-69
26
27            <data android:mimeType="*/*" />
27-->[:file_picker] AndroidManifest.xml:17:13-44
27-->[:file_picker] AndroidManifest.xml:17:19-41
28        </intent>
29    </queries>
30
31    <permission
31-->[androidx.core:core:1.10.1] AndroidManifest.xml:22:5-24:47
32        android:name="com.example.client_app.DYNAMIC_RECEIVER_NOT_EXPORTED_PERMISSION"
32-->[androidx.core:core:1.10.1] AndroidManifest.xml:23:9-81
33        android:protectionLevel="signature" />
33-->[androidx.core:core:1.10.1] AndroidManifest.xml:24:9-44
34
35    <uses-permission android:name="com.example.client_app.DYNAMIC_RECEIVER_NOT_EXPORTED_PERMISSION" /> <!-- Optional, for Android 9 and below -->
35-->[androidx.core:core:1.10.1] AndroidManifest.xml:26:5-97
35-->[androidx.core:core:1.10.1] AndroidManifest.xml:26:22-94
36    <application
37        android:name="android.app.Application"
38        android:appComponentFactory="androidx.core.app.CoreComponentFactory"
38-->[androidx.core:core:1.10.1] AndroidManifest.xml:28:18-86
39        android:debuggable="true"
40        android:icon="@mipmap/ic_launcher"
41        android:label="client_app" >
42        <activity
43            android:name="com.example.client_app.MainActivity"
44            android:configChanges="orientation|keyboardHidden|keyboard|screenSize|smallestScreenSize|locale|layoutDirection|fontScale|screenLayout|density|uiMode"
45            android:exported="true"
46            android:hardwareAccelerated="true"
47            android:launchMode="singleTop"
48            android:theme="@style/LaunchTheme"
49            android:windowSoftInputMode="adjustResize" >
50
51            <!--
52                 Specifies an Android theme to apply to this Activity as soon as
53                 the Android process has started. This theme is visible to the user
54                 while the Flutter UI initializes. After that, this theme continues
55                 to determine the Window background behind the Flutter UI.
56            -->
57            <meta-data
58                android:name="io.flutter.embedding.android.NormalTheme"
59                android:resource="@style/NormalTheme" />
60
61            <intent-filter>
62                <action android:name="android.intent.action.MAIN" />
63
64                <category android:name="android.intent.category.LAUNCHER" />
65            </intent-filter>
66        </activity>
67        <!--
68             Don't delete the meta-data below.
69             This is used by the Flutter tool to generate GeneratedPluginRegistrant.java
70        -->
71        <meta-data
72            android:name="flutterEmbedding"
73            android:value="2" />
74
75        <provider
75-->[:image_picker_android] AndroidManifest.xml:11:9-19:20
76            android:name="io.flutter.plugins.imagepicker.ImagePickerFileProvider"
76-->[:image_picker_android] AndroidManifest.xml:12:13-82
77            android:authorities="com.example.client_app.flutter.image_provider"
77-->[:image_picker_android] AndroidManifest.xml:13:13-74
78            android:exported="false"
78-->[:image_picker_android] AndroidManifest.xml:14:13-37
79            android:grantUriPermissions="true" >
79-->[:image_picker_android] AndroidManifest.xml:15:13-47
80            <meta-data
80-->[:image_picker_android] AndroidManifest.xml:16:13-18:75
81                android:name="android.support.FILE_PROVIDER_PATHS"
81-->[:image_picker_android] AndroidManifest.xml:17:17-67
82                android:resource="@xml/flutter_image_picker_file_paths" />
82-->[:image_picker_android] AndroidManifest.xml:18:17-72
83        </provider> <!-- Trigger Google Play services to install the backported photo picker module. -->
84        <service
84-->[:image_picker_android] AndroidManifest.xml:21:9-33:19
85            android:name="com.google.android.gms.metadata.ModuleDependencies"
85-->[:image_picker_android] AndroidManifest.xml:22:13-78
86            android:enabled="false"
86-->[:image_picker_android] AndroidManifest.xml:23:13-36
87            android:exported="false" >
87-->[:image_picker_android] AndroidManifest.xml:24:13-37
88            <intent-filter>
88-->[:image_picker_android] AndroidManifest.xml:26:13-28:29
89                <action android:name="com.google.android.gms.metadata.MODULE_DEPENDENCIES" />
89-->[:image_picker_android] AndroidManifest.xml:27:17-94
89-->[:image_picker_android] AndroidManifest.xml:27:25-91
90            </intent-filter>
91
92            <meta-data
92-->[:image_picker_android] AndroidManifest.xml:30:13-32:36
93                android:name="photopicker_activity:0:required"
93-->[:image_picker_android] AndroidManifest.xml:31:17-63
94                android:value="" />
94-->[:image_picker_android] AndroidManifest.xml:32:17-33
95        </service>
96
97        <uses-library
97-->[androidx.window:window:1.0.0-beta04] AndroidManifest.xml:25:9-27:40
98            android:name="androidx.window.extensions"
98-->[androidx.window:window:1.0.0-beta04] AndroidManifest.xml:26:13-54
99            android:required="false" />
99-->[androidx.window:window:1.0.0-beta04] AndroidManifest.xml:27:13-37
100        <uses-library
100-->[androidx.window:window:1.0.0-beta04] AndroidManifest.xml:28:9-30:40
101            android:name="androidx.window.sidecar"
101-->[androidx.window:window:1.0.0-beta04] AndroidManifest.xml:29:13-51
102            android:required="false" />
102-->[androidx.window:window:1.0.0-beta04] AndroidManifest.xml:30:13-37
103
104        <provider
104-->[androidx.profileinstaller:profileinstaller:1.3.0] AndroidManifest.xml:24:9-32:20
105            android:name="androidx.startup.InitializationProvider"
105-->[androidx.profileinstaller:profileinstaller:1.3.0] AndroidManifest.xml:25:13-67
106            android:authorities="com.example.client_app.androidx-startup"
106-->[androidx.profileinstaller:profileinstaller:1.3.0] AndroidManifest.xml:26:13-68
107            android:exported="false" >
107-->[androidx.profileinstaller:profileinstaller:1.3.0] AndroidManifest.xml:27:13-37
108            <meta-data
108-->[androidx.profileinstaller:profileinstaller:1.3.0] AndroidManifest.xml:29:13-31:52
109                android:name="androidx.profileinstaller.ProfileInstallerInitializer"
109-->[androidx.profileinstaller:profileinstaller:1.3.0] AndroidManifest.xml:30:17-85
110                android:value="androidx.startup" />
110-->[androidx.profileinstaller:profileinstaller:1.3.0] AndroidManifest.xml:31:17-49
111        </provider>
112
113        <receiver
113-->[androidx.profileinstaller:profileinstaller:1.3.0] AndroidManifest.xml:34:9-52:20
114            android:name="androidx.profileinstaller.ProfileInstallReceiver"
114-->[androidx.profileinstaller:profileinstaller:1.3.0] AndroidManifest.xml:35:13-76
115            android:directBootAware="false"
115-->[androidx.profileinstaller:profileinstaller:1.3.0] AndroidManifest.xml:36:13-44
116            android:enabled="true"
116-->[androidx.profileinstaller:profileinstaller:1.3.0] AndroidManifest.xml:37:13-35
117            android:exported="true"
117-->[androidx.profileinstaller:profileinstaller:1.3.0] AndroidManifest.xml:38:13-36
118            android:permission="android.permission.DUMP" >
118-->[androidx.profileinstaller:profileinstaller:1.3.0] AndroidManifest.xml:39:13-57
119            <intent-filter>
119-->[androidx.profileinstaller:profileinstaller:1.3.0] AndroidManifest.xml:40:13-42:29
120                <action android:name="androidx.profileinstaller.action.INSTALL_PROFILE" />
120-->[androidx.profileinstaller:profileinstaller:1.3.0] AndroidManifest.xml:41:17-91
120-->[androidx.profileinstaller:profileinstaller:1.3.0] AndroidManifest.xml:41:25-88
121            </intent-filter>
122            <intent-filter>
122-->[androidx.profileinstaller:profileinstaller:1.3.0] AndroidManifest.xml:43:13-45:29
123                <action android:name="androidx.profileinstaller.action.SKIP_FILE" />
123-->[androidx.profileinstaller:profileinstaller:1.3.0] AndroidManifest.xml:44:17-85
123-->[androidx.profileinstaller:profileinstaller:1.3.0] AndroidManifest.xml:44:25-82
124            </intent-filter>
125            <intent-filter>
125-->[androidx.profileinstaller:profileinstaller:1.3.0] AndroidManifest.xml:46:13-48:29
126                <action android:name="androidx.profileinstaller.action.SAVE_PROFILE" />
126-->[androidx.profileinstaller:profileinstaller:1.3.0] AndroidManifest.xml:47:17-88
126-->[androidx.profileinstaller:profileinstaller:1.3.0] AndroidManifest.xml:47:25-85
127            </intent-filter>
128            <intent-filter>
128-->[androidx.profileinstaller:profileinstaller:1.3.0] AndroidManifest.xml:49:13-51:29
129                <action android:name="androidx.profileinstaller.action.BENCHMARK_OPERATION" />
129-->[androidx.profileinstaller:profileinstaller:1.3.0] AndroidManifest.xml:50:17-95
129-->[androidx.profileinstaller:profileinstaller:1.3.0] AndroidManifest.xml:50:25-92
130            </intent-filter>
131        </receiver>
132    </application>
133
134</manifest>